0:0:0:0:0:0:0:1 -  -  [16/may/2019:08:27:04 +0000] "GET / HTTP/1.1" 200 1000 
0:0:0:0:0:0:0:1 -  -  [16/may/2019:08:27:07 +0000] "GET /style.css;jsessionid=5hz4uqtj6p073xls3oc11bpq HTTP/1.1" 200 1304 
0:0:0:0:0:0:0:1 -  -  [16/may/2019:08:27:07 +0000] "GET /favicon.ico HTTP/1.1" 404 1376 
0:0:0:0:0:0:0:1 -  -  [16/may/2019:08:27:08 +0000] "GET /login.jsp;jsessionid=5hz4uqtj6p073xls3oc11bpq HTTP/1.1" 200 2249 
0:0:0:0:0:0:0:1 -  -  [16/may/2019:08:27:17 +0000] "POST /login.jsp;jsessionid=5hz4uqtj6p073xls3oc11bpq HTTP/1.1" 302 0 
0:0:0:0:0:0:0:1 -  -  [16/may/2019:08:27:17 +0000] "GET / HTTP/1.1" 200 813 
0:0:0:0:0:0:0:1 -  -  [16/may/2019:08:27:19 +0000] "GET /login.jsp;jsessionid=5hz4uqtj6p073xls3oc11bpq HTTP/1.1" 200 816 
0:0:0:0:0:0:0:1 -  -  [16/may/2019:08:27:25 +0000] "POST /login.jsp;jsessionid=5hz4uqtj6p073xls3oc11bpq HTTP/1.1" 200 816 
0:0:0:0:0:0:0:1 -  -  [16/may/2019:08:27:34 +0000] "POST /login.jsp;jsessionid=5hz4uqtj6p073xls3oc11bpq HTTP/1.1" 200 816 
0:0:0:0:0:0:0:1 -  -  [16/may/2019:08:29:55 +0000] "GET / HTTP/1.1" 302 0 
0:0:0:0:0:0:0:1 -  -  [16/may/2019:08:29:55 +0000] "GET /login.jsp;jsessionid=k8yczzrwt3s91gk9w5cbxapj7 HTTP/1.1" 200 2249 
0:0:0:0:0:0:0:1 -  -  [16/may/2019:08:29:55 +0000] "GET /favicon.ico HTTP/1.1" 302 0 
0:0:0:0:0:0:0:1 -  -  [16/may/2019:08:29:55 +0000] "GET /login.jsp HTTP/1.1" 200 2249 
0:0:0:0:0:0:0:1 -  -  [16/may/2019:08:30:08 +0000] "POST /login.jsp;jsessionid=k8yczzrwt3s91gk9w5cbxapj7 HTTP/1.1" 302 0 
0:0:0:0:0:0:0:1 -  -  [16/may/2019:08:30:09 +0000] "GET /favicon.ico HTTP/1.1" 404 1376 
0:0:0:0:0:0:0:1 -  -  [16/may/2019:08:30:09 +0000] "GET /favicon.ico HTTP/1.1" 404 1376 
0:0:0:0:0:0:0:1 -  -  [16/may/2019:08:30:12 +0000] "GET /login.jsp;jsessionid=k8yczzrwt3s91gk9w5cbxapj7 HTTP/1.1" 200 816 
0:0:0:0:0:0:0:1 -  -  [16/may/2019:08:31:18 +0000] "GET / HTTP/1.1" 200 892 
0:0:0:0:0:0:0:1 -  -  [16/may/2019:08:31:21 +0000] "GET /login.jsp HTTP/1.1" 200 2249 
0:0:0:0:0:0:0:1 -  -  [16/may/2019:08:31:30 +0000] "POST /login.jsp HTTP/1.1" 302 0 
0:0:0:0:0:0:0:1 -  -  [16/may/2019:08:31:30 +0000] "GET /index.jsp HTTP/1.1" 200 802 
0:0:0:0:0:0:0:1 -  -  [16/may/2019:08:31:32 +0000] "GET /logout HTTP/1.1" 302 0 
0:0:0:0:0:0:0:1 -  -  [16/may/2019:08:31:32 +0000] "GET / HTTP/1.1" 200 892 
0:0:0:0:0:0:0:1 -  -  [16/may/2019:08:31:34 +0000] "GET / HTTP/1.1" 200 892 
0:0:0:0:0:0:0:1 -  -  [16/may/2019:08:32:52 +0000] "GET / HTTP/1.1" 200 1003 
0:0:0:0:0:0:0:1 -  -  [16/may/2019:08:32:53 +0000] "GET /style.css;jsessionid=xo5cnz41d9n513j5lj1k3ccr6 HTTP/1.1" 200 1304 
0:0:0:0:0:0:0:1 -  -  [16/may/2019:08:32:53 +0000] "GET /favicon.ico HTTP/1.1" 404 1376 
0:0:0:0:0:0:0:1 -  -  [16/may/2019:08:32:58 +0000] "GET /login.jsp;jsessionid=xo5cnz41d9n513j5lj1k3ccr6 HTTP/1.1" 200 2249 
0:0:0:0:0:0:0:1 -  -  [16/may/2019:08:33:06 +0000] "POST /login.jsp;jsessionid=xo5cnz41d9n513j5lj1k3ccr6 HTTP/1.1" 302 0 
0:0:0:0:0:0:0:1 -  -  [16/may/2019:08:33:06 +0000] "GET /index.jsp HTTP/1.1" 200 802 
0:0:0:0:0:0:0:1 -  -  [16/may/2019:08:33:08 +0000] "GET /logout HTTP/1.1" 302 0 
0:0:0:0:0:0:0:1 -  -  [16/may/2019:08:33:08 +0000] "GET / HTTP/1.1" 200 892 
0:0:0:0:0:0:0:1 -  -  [16/may/2019:08:33:10 +0000] "GET /login.jsp HTTP/1.1" 200 2249 
0:0:0:0:0:0:0:1 -  -  [16/may/2019:08:33:16 +0000] "GET /login.jsp HTTP/1.1" 200 2249 
0:0:0:0:0:0:0:1 -  -  [16/may/2019:08:44:37 +0000] "GET / HTTP/1.1" 200 892 
0:0:0:0:0:0:0:1 -  -  [16/may/2019:08:44:37 +0000] "GET /favicon.ico HTTP/1.1" 404 1376 
0:0:0:0:0:0:0:1 -  -  [16/may/2019:08:44:40 +0000] "GET /login.jsp HTTP/1.1" 200 2249 
0:0:0:0:0:0:0:1 -  -  [16/may/2019:08:44:52 +0000] "POST /login.jsp HTTP/1.1" 302 0 
0:0:0:0:0:0:0:1 -  -  [16/may/2019:08:44:52 +0000] "GET /index.jsp HTTP/1.1" 200 802 
0:0:0:0:0:0:0:1 -  -  [16/may/2019:08:44:57 +0000] "GET /logout HTTP/1.1" 302 0 
0:0:0:0:0:0:0:1 -  -  [16/may/2019:08:44:57 +0000] "GET / HTTP/1.1" 200 892 
0:0:0:0:0:0:0:1 -  -  [16/may/2019:08:45:03 +0000] "GET /login.jsp HTTP/1.1" 200 2249 
0:0:0:0:0:0:0:1 -  -  [16/may/2019:08:45:14 +0000] "POST /login.jsp HTTP/1.1" 302 0 
0:0:0:0:0:0:0:1 -  -  [16/may/2019:08:45:15 +0000] "GET /index.jsp HTTP/1.1" 200 802 
0:0:0:0:0:0:0:1 -  -  [16/may/2019:12:25:28 +0000] "GET / HTTP/1.1" 200 1003 
0:0:0:0:0:0:0:1 -  -  [16/may/2019:12:25:28 +0000] "GET /style.css;jsessionid=5emg08sij0jz1dc8pi97z92jc HTTP/1.1" 200 1304 
0:0:0:0:0:0:0:1 -  -  [16/may/2019:12:25:29 +0000] "GET /favicon.ico HTTP/1.1" 404 1376 
0:0:0:0:0:0:0:1 -  -  [16/may/2019:12:25:31 +0000] "GET / HTTP/1.1" 200 892 
0:0:0:0:0:0:0:1 -  -  [16/may/2019:12:25:31 +0000] "GET /style.css HTTP/1.1" 200 1304 
0:0:0:0:0:0:0:1 -  -  [16/may/2019:12:25:31 +0000] "GET /favicon.ico HTTP/1.1" 404 1376 
0:0:0:0:0:0:0:1 -  -  [16/may/2019:12:25:36 +0000] "GET /login.jsp HTTP/1.1" 200 2249 
0:0:0:0:0:0:0:1 -  -  [16/may/2019:12:25:45 +0000] "POST /login.jsp HTTP/1.1" 302 0 
0:0:0:0:0:0:0:1 -  -  [16/may/2019:12:25:46 +0000] "GET /index.jsp HTTP/1.1" 200 802 
0:0:0:0:0:0:0:1 -  -  [16/may/2019:12:25:57 +0000] "GET /login.jsp HTTP/1.1" 200 816 
0:0:0:0:0:0:0:1 -  -  [16/may/2019:12:25:58 +0000] "GET /logout HTTP/1.1" 302 0 
0:0:0:0:0:0:0:1 -  -  [16/may/2019:12:25:58 +0000] "GET / HTTP/1.1" 200 892 
0:0:0:0:0:0:0:1 -  -  [16/may/2019:12:26:01 +0000] "GET /login.jsp HTTP/1.1" 200 2249 
0:0:0:0:0:0:0:1 -  -  [16/may/2019:12:26:09 +0000] "POST /login.jsp HTTP/1.1" 302 0 
0:0:0:0:0:0:0:1 -  -  [16/may/2019:12:26:09 +0000] "GET /index.jsp HTTP/1.1" 200 807 
0:0:0:0:0:0:0:1 -  -  [16/may/2019:12:26:10 +0000] "GET /logout HTTP/1.1" 302 0 
0:0:0:0:0:0:0:1 -  -  [16/may/2019:12:26:10 +0000] "GET / HTTP/1.1" 200 892 
0:0:0:0:0:0:0:1 -  -  [16/may/2019:12:26:12 +0000] "GET /login.jsp HTTP/1.1" 200 2249 
0:0:0:0:0:0:0:1 -  -  [16/may/2019:12:26:21 +0000] "POST /login.jsp HTTP/1.1" 302 0 
0:0:0:0:0:0:0:1 -  -  [16/may/2019:12:26:22 +0000] "GET /index.jsp HTTP/1.1" 200 802 
0:0:0:0:0:0:0:1 -  -  [16/may/2019:12:26:26 +0000] "GET /logout HTTP/1.1" 302 0 
0:0:0:0:0:0:0:1 -  -  [16/may/2019:12:26:26 +0000] "GET / HTTP/1.1" 200 892 
0:0:0:0:0:0:0:1 -  -  [16/may/2019:12:26:27 +0000] "GET /login.jsp HTTP/1.1" 200 2249 
0:0:0:0:0:0:0:1 -  -  [16/may/2019:12:26:35 +0000] "POST /login.jsp HTTP/1.1" 302 0 
0:0:0:0:0:0:0:1 -  -  [16/may/2019:12:26:36 +0000] "GET /index.jsp HTTP/1.1" 200 802 
0:0:0:0:0:0:0:1 -  -  [16/may/2019:12:26:38 +0000] "GET /login.jsp HTTP/1.1" 200 816 
0:0:0:0:0:0:0:1 -  -  [16/may/2019:12:26:57 +0000] "POST /login.jsp HTTP/1.1" 200 816 
0:0:0:0:0:0:0:1 -  -  [16/may/2019:12:27:02 +0000] "GET /login.jsp HTTP/1.1" 200 816 
0:0:0:0:0:0:0:1 -  -  [16/may/2019:12:27:10 +0000] "GET /account HTTP/1.1" 302 0 
0:0:0:0:0:0:0:1 -  -  [16/may/2019:12:27:11 +0000] "GET /account/ HTTP/1.1" 200 269 
0:0:0:0:0:0:0:1 -  -  [16/may/2019:12:29:22 +0000] "GET / HTTP/1.1" 200 892 
0:0:0:0:0:0:0:1 -  -  [16/may/2019:12:29:29 +0000] "GET /login.jsp HTTP/1.1" 200 2249 
0:0:0:0:0:0:0:1 -  -  [16/may/2019:12:29:36 +0000] "POST /login.jsp HTTP/1.1" 302 0 
0:0:0:0:0:0:0:1 -  -  [16/may/2019:12:29:36 +0000] "GET /index.jsp HTTP/1.1" 200 820 
0:0:0:0:0:0:0:1 -  -  [16/may/2019:12:29:42 +0000] "GET /logout HTTP/1.1" 302 0 
0:0:0:0:0:0:0:1 -  -  [16/may/2019:12:29:42 +0000] "GET / HTTP/1.1" 200 892 
0:0:0:0:0:0:0:1 -  -  [16/may/2019:12:29:44 +0000] "GET /login.jsp HTTP/1.1" 200 2249 
0:0:0:0:0:0:0:1 -  -  [16/may/2019:14:00:04 +0000] "GET / HTTP/1.1" 200 892 
0:0:0:0:0:0:0:1 -  -  [16/may/2019:14:00:10 +0000] "GET /login.jsp HTTP/1.1" 200 2249 
0:0:0:0:0:0:0:1 -  -  [16/may/2019:14:00:19 +0000] "POST /login.jsp HTTP/1.1" 200 2249 
0:0:0:0:0:0:0:1 -  -  [16/may/2019:14:00:33 +0000] "POST /login.jsp HTTP/1.1" 200 2249 
0:0:0:0:0:0:0:1 -  -  [16/may/2019:14:00:40 +0000] "POST /login.jsp HTTP/1.1" 200 2249 
0:0:0:0:0:0:0:1 -  -  [16/may/2019:14:20:34 +0000] "GET /Prueba/ HTTP/1.1" 404 1372 
0:0:0:0:0:0:0:1 -  -  [16/may/2019:14:20:35 +0000] "GET /favicon.ico HTTP/1.1" 404 1376 
0:0:0:0:0:0:0:1 -  -  [16/may/2019:14:20:39 +0000] "GET / HTTP/1.1" 200 892 
0:0:0:0:0:0:0:1 -  -  [16/may/2019:14:20:43 +0000] "GET /login.jsp HTTP/1.1" 200 2249 
0:0:0:0:0:0:0:1 -  -  [16/may/2019:14:20:50 +0000] "POST /login.jsp HTTP/1.1" 302 0 
0:0:0:0:0:0:0:1 -  -  [16/may/2019:14:20:50 +0000] "GET / HTTP/1.1" 200 820 
0:0:0:0:0:0:0:1 -  -  [16/may/2019:14:30:28 +0000] "GET / HTTP/1.1" 200 892 
0:0:0:0:0:0:0:1 -  -  [16/may/2019:14:30:32 +0000] "GET / HTTP/1.1" 200 892 
0:0:0:0:0:0:0:1 -  -  [16/may/2019:14:30:32 +0000] "GET /style.css HTTP/1.1" 200 1304 
0:0:0:0:0:0:0:1 -  -  [16/may/2019:14:30:32 +0000] "GET /favicon.ico HTTP/1.1" 404 1376 
0:0:0:0:0:0:0:1 -  -  [16/may/2019:14:30:34 +0000] "GET /login.jsp HTTP/1.1" 200 2249 
0:0:0:0:0:0:0:1 -  -  [16/may/2019:14:30:39 +0000] "POST /login.jsp HTTP/1.1" 200 2249 
0:0:0:0:0:0:0:1 -  -  [16/may/2019:14:30:49 +0000] "POST /login.jsp HTTP/1.1" 200 2249 
0:0:0:0:0:0:0:1 -  -  [16/may/2019:14:30:56 +0000] "POST /login.jsp HTTP/1.1" 200 2249 
0:0:0:0:0:0:0:1 -  -  [16/may/2019:14:34:57 +0000] "GET / HTTP/1.1" 200 892 
0:0:0:0:0:0:0:1 -  -  [16/may/2019:14:34:59 +0000] "GET / HTTP/1.1" 200 892 
0:0:0:0:0:0:0:1 -  -  [16/may/2019:14:34:59 +0000] "GET /style.css HTTP/1.1" 200 1304 
0:0:0:0:0:0:0:1 -  -  [16/may/2019:14:34:59 +0000] "GET /favicon.ico HTTP/1.1" 404 1376 
0:0:0:0:0:0:0:1 -  -  [16/may/2019:14:35:01 +0000] "GET /login.jsp HTTP/1.1" 200 2249 
0:0:0:0:0:0:0:1 -  -  [16/may/2019:14:35:07 +0000] "POST /login.jsp HTTP/1.1" 302 0 
0:0:0:0:0:0:0:1 -  -  [16/may/2019:14:35:08 +0000] "GET / HTTP/1.1" 500 15355 
0:0:0:0:0:0:0:1 -  -  [16/may/2019:14:35:29 +0000] "GET /login.jsp HTTP/1.1" 200 816 
0:0:0:0:0:0:0:1 -  -  [16/may/2019:14:44:28 +0000] "GET / HTTP/1.1" 500 15355 
0:0:0:0:0:0:0:1 -  -  [16/may/2019:14:45:45 +0000] "POST /login.jsp HTTP/1.1" 200 816 
0:0:0:0:0:0:0:1 -  -  [16/may/2019:14:45:51 +0000] "GET / HTTP/1.1" 500 15355 
0:0:0:0:0:0:0:1 -  -  [16/may/2019:14:45:52 +0000] "GET / HTTP/1.1" 500 15355 
0:0:0:0:0:0:0:1 -  -  [16/may/2019:14:45:56 +0000] "GET / HTTP/1.1" 500 15355 
0:0:0:0:0:0:0:1 -  -  [16/may/2019:14:45:57 +0000] "GET /favicon.ico HTTP/1.1" 404 1376 
0:0:0:0:0:0:0:1 -  -  [16/may/2019:14:45:57 +0000] "GET / HTTP/1.1" 500 15355 
0:0:0:0:0:0:0:1 -  -  [16/may/2019:14:50:32 +0000] "GET / HTTP/1.1" 200 892 
0:0:0:0:0:0:0:1 -  -  [16/may/2019:14:50:34 +0000] "GET / HTTP/1.1" 200 892 
0:0:0:0:0:0:0:1 -  -  [16/may/2019:14:50:34 +0000] "GET /style.css HTTP/1.1" 200 1304 
0:0:0:0:0:0:0:1 -  -  [16/may/2019:14:50:34 +0000] "GET /favicon.ico HTTP/1.1" 404 1376 
0:0:0:0:0:0:0:1 -  -  [16/may/2019:14:51:05 +0000] "GET /login.jsp HTTP/1.1" 200 2249 
0:0:0:0:0:0:0:1 -  -  [16/may/2019:14:50:57 +0000] "GET /login.jsp HTTP/1.1" 200 2249 
0:0:0:0:0:0:0:1 -  -  [16/may/2019:14:51:16 +0000] "GET /login.jsp HTTP/1.1" 200 2249 
0:0:0:0:0:0:0:1 -  -  [16/may/2019:14:51:37 +0000] "GET /login.jsp HTTP/1.1" 200 2249 
0:0:0:0:0:0:0:1 -  -  [16/may/2019:14:51:37 +0000] "GET /style.css HTTP/1.1" 200 1304 
0:0:0:0:0:0:0:1 -  -  [16/may/2019:14:51:37 +0000] "GET /favicon.ico HTTP/1.1" 404 1376 
0:0:0:0:0:0:0:1 -  -  [16/may/2019:14:51:38 +0000] "GET /login.jsp HTTP/1.1" 200 2249 
0:0:0:0:0:0:0:1 -  -  [16/may/2019:14:51:39 +0000] "GET /login.jsp HTTP/1.1" 200 2249 
0:0:0:0:0:0:0:1 -  -  [16/may/2019:14:51:39 +0000] "GET /login.jsp HTTP/1.1" 200 2249 
0:0:0:0:0:0:0:1 -  -  [16/may/2019:14:51:58 +0000] "POST /login.jsp HTTP/1.1" 302 0 
0:0:0:0:0:0:0:1 -  -  [16/may/2019:14:52:13 +0000] "GET / HTTP/1.1" 500 15355 
0:0:0:0:0:0:0:1 -  -  [16/may/2019:14:55:51 +0000] "GET / HTTP/1.1" 200 892 
0:0:0:0:0:0:0:1 -  -  [16/may/2019:14:55:53 +0000] "GET /login.jsp HTTP/1.1" 200 2249 
0:0:0:0:0:0:0:1 -  -  [16/may/2019:14:55:58 +0000] "POST /login.jsp HTTP/1.1" 302 0 
0:0:0:0:0:0:0:1 -  -  [16/may/2019:14:55:59 +0000] "GET / HTTP/1.1" 500 15355 
0:0:0:0:0:0:0:1 -  -  [16/may/2019:14:58:19 +0000] "GET / HTTP/1.1" 200 892 
0:0:0:0:0:0:0:1 -  -  [16/may/2019:14:58:22 +0000] "GET / HTTP/1.1" 200 892 
0:0:0:0:0:0:0:1 -  -  [16/may/2019:14:58:22 +0000] "GET /style.css HTTP/1.1" 200 1304 
0:0:0:0:0:0:0:1 -  -  [16/may/2019:14:58:22 +0000] "GET /favicon.ico HTTP/1.1" 404 1376 
0:0:0:0:0:0:0:1 -  -  [16/may/2019:14:58:23 +0000] "GET /login.jsp HTTP/1.1" 200 2249 
0:0:0:0:0:0:0:1 -  -  [16/may/2019:14:58:42 +0000] "POST /login.jsp HTTP/1.1" 302 0 
0:0:0:0:0:0:0:1 -  -  [16/may/2019:14:58:43 +0000] "GET / HTTP/1.1" 500 15325 
