0:0:0:0:0:0:0:1 -  -  [17/may/2019:08:57:06 +0000] "GET / HTTP/1.1" 200 1003 
0:0:0:0:0:0:0:1 -  -  [17/may/2019:08:57:07 +0000] "GET /style.css;jsessionid=741tqltd2hbw1gnwcxfzr8ssv HTTP/1.1" 200 1304 
0:0:0:0:0:0:0:1 -  -  [17/may/2019:08:57:07 +0000] "GET /favicon.ico HTTP/1.1" 404 1376 
0:0:0:0:0:0:0:1 -  -  [17/may/2019:08:57:08 +0000] "GET / HTTP/1.1" 200 892 
0:0:0:0:0:0:0:1 -  -  [17/may/2019:08:57:08 +0000] "GET /style.css HTTP/1.1" 200 1304 
0:0:0:0:0:0:0:1 -  -  [17/may/2019:08:57:08 +0000] "GET /favicon.ico HTTP/1.1" 404 1376 
0:0:0:0:0:0:0:1 -  -  [17/may/2019:08:57:09 +0000] "GET /login.jsp HTTP/1.1" 200 2249 
0:0:0:0:0:0:0:1 -  -  [17/may/2019:08:57:17 +0000] "POST /login.jsp HTTP/1.1" 302 0 
0:0:0:0:0:0:0:1 -  -  [17/may/2019:08:57:18 +0000] "GET / HTTP/1.1" 500 15325 
0:0:0:0:0:0:0:1 -  -  [17/may/2019:09:04:52 +0000] "GET / HTTP/1.1" 200 892 
0:0:0:0:0:0:0:1 -  -  [17/may/2019:09:04:54 +0000] "GET / HTTP/1.1" 200 892 
0:0:0:0:0:0:0:1 -  -  [17/may/2019:09:04:54 +0000] "GET /style.css HTTP/1.1" 200 1304 
0:0:0:0:0:0:0:1 -  -  [17/may/2019:09:04:54 +0000] "GET /favicon.ico HTTP/1.1" 404 1376 
0:0:0:0:0:0:0:1 -  -  [17/may/2019:09:04:55 +0000] "GET /login.jsp HTTP/1.1" 200 2249 
0:0:0:0:0:0:0:1 -  -  [17/may/2019:09:05:00 +0000] "POST /login.jsp HTTP/1.1" 302 0 
0:0:0:0:0:0:0:1 -  -  [17/may/2019:09:05:01 +0000] "GET / HTTP/1.1" 500 15325 
0:0:0:0:0:0:0:1 -  -  [17/may/2019:09:34:10 +0000] "GET / HTTP/1.1" 200 925 
0:0:0:0:0:0:0:1 -  -  [17/may/2019:09:34:16 +0000] "GET / HTTP/1.1" 200 925 
0:0:0:0:0:0:0:1 -  -  [17/may/2019:09:34:16 +0000] "GET /style.css HTTP/1.1" 200 1304 
0:0:0:0:0:0:0:1 -  -  [17/may/2019:09:34:16 +0000] "GET /favicon.ico HTTP/1.1" 404 1376 
0:0:0:0:0:0:0:1 -  -  [17/may/2019:09:34:16 +0000] "GET /login.jsp HTTP/1.1" 200 2249 
0:0:0:0:0:0:0:1 -  -  [17/may/2019:09:34:21 +0000] "POST /login.jsp HTTP/1.1" 302 0 
0:0:0:0:0:0:0:1 -  -  [17/may/2019:09:34:22 +0000] "GET / HTTP/1.1" 200 866 
0:0:0:0:0:0:0:1 -  -  [17/may/2019:09:34:28 +0000] "GET /logout HTTP/1.1" 302 0 
0:0:0:0:0:0:0:1 -  -  [17/may/2019:09:34:28 +0000] "GET / HTTP/1.1" 200 925 
0:0:0:0:0:0:0:1 -  -  [17/may/2019:09:34:29 +0000] "GET /login.jsp HTTP/1.1" 200 2249 
0:0:0:0:0:0:0:1 -  -  [17/may/2019:09:34:33 +0000] "GET / HTTP/1.1" 200 925 
0:0:0:0:0:0:0:1 -  -  [17/may/2019:09:34:33 +0000] "GET /style.css HTTP/1.1" 200 1304 
0:0:0:0:0:0:0:1 -  -  [17/may/2019:09:34:33 +0000] "GET /favicon.ico HTTP/1.1" 404 1376 
0:0:0:0:0:0:0:1 -  -  [17/may/2019:09:34:34 +0000] "GET /login.jsp HTTP/1.1" 200 2249 
0:0:0:0:0:0:0:1 -  -  [17/may/2019:09:34:42 +0000] "POST /login.jsp HTTP/1.1" 302 0 
0:0:0:0:0:0:0:1 -  -  [17/may/2019:09:34:43 +0000] "GET / HTTP/1.1" 200 866 
0:0:0:0:0:0:0:1 -  -  [17/may/2019:09:34:53 +0000] "GET /login.jsp HTTP/1.1" 200 816 
0:0:0:0:0:0:0:1 -  -  [17/may/2019:09:43:39 +0000] "GET / HTTP/1.1" 200 925 
0:0:0:0:0:0:0:1 -  -  [17/may/2019:09:43:40 +0000] "GET / HTTP/1.1" 200 925 
0:0:0:0:0:0:0:1 -  -  [17/may/2019:09:43:40 +0000] "GET /style.css HTTP/1.1" 200 1304 
0:0:0:0:0:0:0:1 -  -  [17/may/2019:09:43:40 +0000] "GET /favicon.ico HTTP/1.1" 404 1376 
0:0:0:0:0:0:0:1 -  -  [17/may/2019:09:43:41 +0000] "GET /login.jsp HTTP/1.1" 200 2249 
0:0:0:0:0:0:0:1 -  -  [17/may/2019:09:43:49 +0000] "POST /login.jsp HTTP/1.1" 302 0 
0:0:0:0:0:0:0:1 -  -  [17/may/2019:09:43:50 +0000] "GET / HTTP/1.1" 200 866 
0:0:0:0:0:0:0:1 -  -  [17/may/2019:09:43:52 +0000] "GET / HTTP/1.1" 200 866 
0:0:0:0:0:0:0:1 -  -  [17/may/2019:09:43:52 +0000] "GET /style.css HTTP/1.1" 200 1304 
0:0:0:0:0:0:0:1 -  -  [17/may/2019:09:43:52 +0000] "GET /favicon.ico HTTP/1.1" 404 1376 
0:0:0:0:0:0:0:1 -  -  [17/may/2019:09:43:54 +0000] "GET /account HTTP/1.1" 302 0 
0:0:0:0:0:0:0:1 -  -  [17/may/2019:09:43:54 +0000] "GET /account/ HTTP/1.1" 200 269 
0:0:0:0:0:0:0:1 -  -  [17/may/2019:09:44:01 +0000] "GET /home.jsp HTTP/1.1" 200 866 
0:0:0:0:0:0:0:1 -  -  [17/may/2019:09:44:03 +0000] "GET /home.jsp HTTP/1.1" 200 866 
0:0:0:0:0:0:0:1 -  -  [17/may/2019:09:44:04 +0000] "GET /style.css HTTP/1.1" 200 1304 
0:0:0:0:0:0:0:1 -  -  [17/may/2019:09:44:04 +0000] "GET /favicon.ico HTTP/1.1" 404 1376 
0:0:0:0:0:0:0:1 -  -  [17/may/2019:09:44:06 +0000] "GET /logout HTTP/1.1" 302 0 
0:0:0:0:0:0:0:1 -  -  [17/may/2019:09:44:06 +0000] "GET / HTTP/1.1" 200 925 
0:0:0:0:0:0:0:1 -  -  [17/may/2019:09:50:51 +0000] "GET / HTTP/1.1" 200 925 
0:0:0:0:0:0:0:1 -  -  [17/may/2019:09:50:53 +0000] "GET / HTTP/1.1" 200 925 
0:0:0:0:0:0:0:1 -  -  [17/may/2019:09:50:53 +0000] "GET /style.css HTTP/1.1" 200 1304 
0:0:0:0:0:0:0:1 -  -  [17/may/2019:09:50:53 +0000] "GET /favicon.ico HTTP/1.1" 404 1376 
0:0:0:0:0:0:0:1 -  -  [17/may/2019:09:50:54 +0000] "GET /login.jsp HTTP/1.1" 200 2249 
0:0:0:0:0:0:0:1 -  -  [17/may/2019:09:51:07 +0000] "POST /login.jsp HTTP/1.1" 302 0 
0:0:0:0:0:0:0:1 -  -  [17/may/2019:09:51:07 +0000] "GET / HTTP/1.1" 200 866 
0:0:0:0:0:0:0:1 -  -  [17/may/2019:09:53:20 +0000] "GET / HTTP/1.1" 200 925 
0:0:0:0:0:0:0:1 -  -  [17/may/2019:09:53:22 +0000] "GET /login.jsp HTTP/1.1" 200 2249 
0:0:0:0:0:0:0:1 -  -  [17/may/2019:09:53:28 +0000] "POST /login.jsp HTTP/1.1" 200 2249 
0:0:0:0:0:0:0:1 -  -  [17/may/2019:09:53:32 +0000] "POST /login.jsp HTTP/1.1" 302 0 
0:0:0:0:0:0:0:1 -  -  [17/may/2019:09:53:32 +0000] "GET / HTTP/1.1" 200 866 
0:0:0:0:0:0:0:1 -  -  [17/may/2019:09:58:33 +0000] "GET / HTTP/1.1" 503 1288 
0:0:0:0:0:0:0:1 -  -  [17/may/2019:09:58:33 +0000] "GET /favicon.ico HTTP/1.1" 503 1299 
0:0:0:0:0:0:0:1 -  -  [17/may/2019:09:58:37 +0000] "GET / HTTP/1.1" 503 1288 
0:0:0:0:0:0:0:1 -  -  [17/may/2019:09:58:37 +0000] "GET /favicon.ico HTTP/1.1" 503 1299 
0:0:0:0:0:0:0:1 -  -  [17/may/2019:09:58:38 +0000] "GET / HTTP/1.1" 503 1288 
0:0:0:0:0:0:0:1 -  -  [17/may/2019:09:58:38 +0000] "GET /favicon.ico HTTP/1.1" 503 1299 
0:0:0:0:0:0:0:1 -  -  [17/may/2019:10:26:29 +0000] "GET / HTTP/1.1" 200 925 
0:0:0:0:0:0:0:1 -  -  [17/may/2019:10:26:30 +0000] "GET /favicon.ico HTTP/1.1" 404 1376 
0:0:0:0:0:0:0:1 -  -  [17/may/2019:10:26:31 +0000] "GET /login.jsp HTTP/1.1" 200 2249 
0:0:0:0:0:0:0:1 -  -  [17/may/2019:10:26:37 +0000] "POST /login.jsp HTTP/1.1" 302 0 
0:0:0:0:0:0:0:1 -  -  [17/may/2019:10:26:38 +0000] "GET / HTTP/1.1" 200 866 
0:0:0:0:0:0:0:1 -  -  [17/may/2019:11:21:43 +0000] "GET / HTTP/1.1" 200 925 
0:0:0:0:0:0:0:1 -  -  [17/may/2019:11:21:45 +0000] "GET / HTTP/1.1" 200 925 
0:0:0:0:0:0:0:1 -  -  [17/may/2019:11:21:45 +0000] "GET /style.css HTTP/1.1" 200 1304 
0:0:0:0:0:0:0:1 -  -  [17/may/2019:11:21:45 +0000] "GET /favicon.ico HTTP/1.1" 404 1376 
0:0:0:0:0:0:0:1 -  -  [17/may/2019:11:21:52 +0000] "GET /login.jsp HTTP/1.1" 200 2249 
0:0:0:0:0:0:0:1 -  -  [17/may/2019:11:21:59 +0000] "POST /login.jsp HTTP/1.1" 302 0 
0:0:0:0:0:0:0:1 -  -  [17/may/2019:11:22:00 +0000] "GET / HTTP/1.1" 200 866 
0:0:0:0:0:0:0:1 -  -  [17/may/2019:11:22:02 +0000] "GET /logout HTTP/1.1" 302 0 
0:0:0:0:0:0:0:1 -  -  [17/may/2019:11:22:02 +0000] "GET / HTTP/1.1" 200 925 
0:0:0:0:0:0:0:1 -  -  [17/may/2019:11:22:04 +0000] "GET /login.jsp HTTP/1.1" 200 2249 
0:0:0:0:0:0:0:1 -  -  [17/may/2019:11:23:01 +0000] "GET / HTTP/1.1" 302 0 
0:0:0:0:0:0:0:1 -  -  [17/may/2019:11:23:01 +0000] "GET /login.jsp HTTP/1.1" 200 2249 
0:0:0:0:0:0:0:1 -  -  [17/may/2019:11:23:03 +0000] "GET /login.jsp HTTP/1.1" 200 2249 
0:0:0:0:0:0:0:1 -  -  [17/may/2019:11:23:03 +0000] "GET /style.css HTTP/1.1" 302 0 
0:0:0:0:0:0:0:1 -  -  [17/may/2019:11:23:03 +0000] "GET /login.jsp HTTP/1.1" 200 2249 
0:0:0:0:0:0:0:1 -  -  [17/may/2019:11:23:03 +0000] "GET /favicon.ico HTTP/1.1" 302 0 
0:0:0:0:0:0:0:1 -  -  [17/may/2019:11:23:03 +0000] "GET /login.jsp HTTP/1.1" 200 2249 
0:0:0:0:0:0:0:1 -  -  [17/may/2019:11:23:20 +0000] "POST /login.jsp HTTP/1.1" 302 0 
0:0:0:0:0:0:0:1 -  -  [17/may/2019:11:23:21 +0000] "GET /favicon.ico HTTP/1.1" 404 1376 
0:0:0:0:0:0:0:1 -  -  [17/may/2019:11:23:21 +0000] "GET /favicon.ico HTTP/1.1" 404 1376 
0:0:0:0:0:0:0:1 -  -  [17/may/2019:11:23:24 +0000] "GET /login.jsp HTTP/1.1" 200 816 
0:0:0:0:0:0:0:1 -  -  [17/may/2019:11:23:28 +0000] "POST /login.jsp HTTP/1.1" 200 816 
0:0:0:0:0:0:0:1 -  -  [17/may/2019:11:23:28 +0000] "GET /style.css HTTP/1.1" 200 1304 
0:0:0:0:0:0:0:1 -  -  [17/may/2019:11:23:37 +0000] "GET / HTTP/1.1" 200 866 
0:0:0:0:0:0:0:1 -  -  [17/may/2019:11:23:39 +0000] "GET /logout HTTP/1.1" 302 0 
0:0:0:0:0:0:0:1 -  -  [17/may/2019:11:23:39 +0000] "GET / HTTP/1.1" 302 0 
0:0:0:0:0:0:0:1 -  -  [17/may/2019:11:23:39 +0000] "GET /login.jsp HTTP/1.1" 200 2249 
0:0:0:0:0:0:0:1 -  -  [17/may/2019:11:23:47 +0000] "POST /login.jsp HTTP/1.1" 302 0 
0:0:0:0:0:0:0:1 -  -  [17/may/2019:11:23:47 +0000] "GET / HTTP/1.1" 200 866 
0:0:0:0:0:0:0:1 -  -  [17/may/2019:11:23:50 +0000] "GET /logout HTTP/1.1" 302 0 
0:0:0:0:0:0:0:1 -  -  [17/may/2019:11:23:50 +0000] "GET / HTTP/1.1" 302 0 
0:0:0:0:0:0:0:1 -  -  [17/may/2019:11:23:50 +0000] "GET /login.jsp HTTP/1.1" 200 2249 
0:0:0:0:0:0:0:1 -  -  [17/may/2019:11:23:55 +0000] "POST /login.jsp HTTP/1.1" 302 0 
0:0:0:0:0:0:0:1 -  -  [17/may/2019:11:23:55 +0000] "GET / HTTP/1.1" 200 866 
0:0:0:0:0:0:0:1 -  -  [17/may/2019:11:23:56 +0000] "GET /logout HTTP/1.1" 302 0 
0:0:0:0:0:0:0:1 -  -  [17/may/2019:11:23:56 +0000] "GET / HTTP/1.1" 302 0 
0:0:0:0:0:0:0:1 -  -  [17/may/2019:11:23:56 +0000] "GET /login.jsp HTTP/1.1" 200 2249 
0:0:0:0:0:0:0:1 -  -  [17/may/2019:11:24:17 +0000] "GET / HTTP/1.1" 302 0 
0:0:0:0:0:0:0:1 -  -  [17/may/2019:11:24:17 +0000] "GET /login.jsp;jsessionid=1e7sr1r96iwly1agtg65919eqd HTTP/1.1" 200 2249 
0:0:0:0:0:0:0:1 -  -  [17/may/2019:11:24:17 +0000] "GET /style.css HTTP/1.1" 302 0 
0:0:0:0:0:0:0:1 -  -  [17/may/2019:11:24:17 +0000] "GET /login.jsp HTTP/1.1" 200 2249 
0:0:0:0:0:0:0:1 -  -  [17/may/2019:11:24:17 +0000] "GET /favicon.ico HTTP/1.1" 302 0 
0:0:0:0:0:0:0:1 -  -  [17/may/2019:11:24:23 +0000] "POST /login.jsp;jsessionid=1e7sr1r96iwly1agtg65919eqd HTTP/1.1" 302 0 
0:0:0:0:0:0:0:1 -  -  [17/may/2019:11:24:24 +0000] "GET /favicon.ico HTTP/1.1" 404 1376 
0:0:0:0:0:0:0:1 -  -  [17/may/2019:11:24:27 +0000] "GET /favicon.ico HTTP/1.1" 404 1376 
0:0:0:0:0:0:0:1 -  -  [17/may/2019:11:24:28 +0000] "GET /favicon.ico HTTP/1.1" 404 1376 
0:0:0:0:0:0:0:1 -  -  [17/may/2019:11:24:34 +0000] "GET / HTTP/1.1" 200 866 
0:0:0:0:0:0:0:1 -  -  [17/may/2019:11:24:34 +0000] "GET /style.css HTTP/1.1" 200 1304 
0:0:0:0:0:0:0:1 -  -  [17/may/2019:11:24:35 +0000] "GET / HTTP/1.1" 200 866 
0:0:0:0:0:0:0:1 -  -  [17/may/2019:11:24:35 +0000] "GET /style.css HTTP/1.1" 200 1304 
0:0:0:0:0:0:0:1 -  -  [17/may/2019:11:24:35 +0000] "GET /favicon.ico HTTP/1.1" 404 1376 
0:0:0:0:0:0:0:1 -  -  [17/may/2019:11:24:36 +0000] "GET /logout HTTP/1.1" 302 0 
0:0:0:0:0:0:0:1 -  -  [17/may/2019:11:24:36 +0000] "GET / HTTP/1.1" 302 0 
0:0:0:0:0:0:0:1 -  -  [17/may/2019:11:24:36 +0000] "GET /login.jsp HTTP/1.1" 200 2249 
0:0:0:0:0:0:0:1 -  -  [17/may/2019:11:24:38 +0000] "GET /login.jsp HTTP/1.1" 200 2249 
0:0:0:0:0:0:0:1 -  -  [17/may/2019:11:24:38 +0000] "GET /style.css HTTP/1.1" 302 0 
0:0:0:0:0:0:0:1 -  -  [17/may/2019:11:24:38 +0000] "GET /login.jsp HTTP/1.1" 200 2249 
0:0:0:0:0:0:0:1 -  -  [17/may/2019:11:24:38 +0000] "GET /favicon.ico HTTP/1.1" 302 0 
0:0:0:0:0:0:0:1 -  -  [17/may/2019:11:24:38 +0000] "GET /login.jsp HTTP/1.1" 200 2249 
0:0:0:0:0:0:0:1 -  -  [17/may/2019:11:24:45 +0000] "POST /login.jsp HTTP/1.1" 302 0 
0:0:0:0:0:0:0:1 -  -  [17/may/2019:11:24:45 +0000] "GET /favicon.ico HTTP/1.1" 404 1376 
0:0:0:0:0:0:0:1 -  -  [17/may/2019:11:26:17 +0000] "GET / HTTP/1.1" 302 0 
0:0:0:0:0:0:0:1 -  -  [17/may/2019:11:26:17 +0000] "GET /login.jsp HTTP/1.1" 200 2249 
0:0:0:0:0:0:0:1 -  -  [17/may/2019:11:26:19 +0000] "GET /login.jsp HTTP/1.1" 200 2249 
0:0:0:0:0:0:0:1 -  -  [17/may/2019:11:26:19 +0000] "GET /style.css HTTP/1.1" 302 0 
0:0:0:0:0:0:0:1 -  -  [17/may/2019:11:26:19 +0000] "GET /login.jsp HTTP/1.1" 200 2249 
0:0:0:0:0:0:0:1 -  -  [17/may/2019:11:26:19 +0000] "GET /favicon.ico HTTP/1.1" 302 0 
0:0:0:0:0:0:0:1 -  -  [17/may/2019:11:26:19 +0000] "GET /login.jsp HTTP/1.1" 200 2249 
0:0:0:0:0:0:0:1 -  -  [17/may/2019:11:26:28 +0000] "POST /login.jsp HTTP/1.1" 302 0 
0:0:0:0:0:0:0:1 -  -  [17/may/2019:11:26:29 +0000] "GET /favicon.ico HTTP/1.1" 404 1376 
0:0:0:0:0:0:0:1 -  -  [17/may/2019:11:26:29 +0000] "GET /favicon.ico HTTP/1.1" 404 1376 
0:0:0:0:0:0:0:1 -  -  [17/may/2019:11:26:31 +0000] "GET /favicon.ico HTTP/1.1" 404 1376 
0:0:0:0:0:0:0:1 -  -  [17/may/2019:11:26:31 +0000] "GET /favicon.ico HTTP/1.1" 404 1376 
0:0:0:0:0:0:0:1 -  -  [17/may/2019:11:29:21 +0000] "GET / HTTP/1.1" 200 925 
0:0:0:0:0:0:0:1 -  -  [17/may/2019:11:29:21 +0000] "GET /style.css HTTP/1.1" 200 1304 
0:0:0:0:0:0:0:1 -  -  [17/may/2019:11:29:22 +0000] "GET / HTTP/1.1" 200 925 
0:0:0:0:0:0:0:1 -  -  [17/may/2019:11:29:22 +0000] "GET /style.css HTTP/1.1" 200 1304 
0:0:0:0:0:0:0:1 -  -  [17/may/2019:11:29:22 +0000] "GET /favicon.ico HTTP/1.1" 404 1376 
0:0:0:0:0:0:0:1 -  -  [17/may/2019:11:29:23 +0000] "GET /login.jsp HTTP/1.1" 200 2249 
0:0:0:0:0:0:0:1 -  -  [17/may/2019:11:29:28 +0000] "POST /login.jsp HTTP/1.1" 302 0 
0:0:0:0:0:0:0:1 -  -  [17/may/2019:11:29:29 +0000] "GET / HTTP/1.1" 200 866 
0:0:0:0:0:0:0:1 -  -  [17/may/2019:11:31:42 +0000] "GET / HTTP/1.1" 200 925 
0:0:0:0:0:0:0:1 -  -  [17/may/2019:11:31:45 +0000] "GET / HTTP/1.1" 200 925 
0:0:0:0:0:0:0:1 -  -  [17/may/2019:11:31:45 +0000] "GET /style.css HTTP/1.1" 200 1304 
0:0:0:0:0:0:0:1 -  -  [17/may/2019:11:31:45 +0000] "GET /favicon.ico HTTP/1.1" 404 1376 
0:0:0:0:0:0:0:1 -  -  [17/may/2019:11:31:46 +0000] "GET / HTTP/1.1" 200 925 
0:0:0:0:0:0:0:1 -  -  [17/may/2019:11:31:46 +0000] "GET /style.css HTTP/1.1" 200 1304 
0:0:0:0:0:0:0:1 -  -  [17/may/2019:11:31:46 +0000] "GET /favicon.ico HTTP/1.1" 404 1376 
0:0:0:0:0:0:0:1 -  -  [17/may/2019:11:31:47 +0000] "GET /login.jsp HTTP/1.1" 200 2249 
0:0:0:0:0:0:0:1 -  -  [17/may/2019:11:31:52 +0000] "POST /login.jsp HTTP/1.1" 302 0 
0:0:0:0:0:0:0:1 -  -  [17/may/2019:11:31:53 +0000] "GET /index.jsp HTTP/1.1" 200 866 
0:0:0:0:0:0:0:1 -  -  [17/may/2019:11:31:55 +0000] "GET /index.jsp HTTP/1.1" 200 866 
0:0:0:0:0:0:0:1 -  -  [17/may/2019:11:31:55 +0000] "GET /style.css HTTP/1.1" 200 1304 
0:0:0:0:0:0:0:1 -  -  [17/may/2019:11:31:55 +0000] "GET /favicon.ico HTTP/1.1" 404 1376 
0:0:0:0:0:0:0:1 -  -  [17/may/2019:11:31:56 +0000] "GET /logout HTTP/1.1" 302 0 
0:0:0:0:0:0:0:1 -  -  [17/may/2019:11:31:56 +0000] "GET / HTTP/1.1" 200 925 
0:0:0:0:0:0:0:1 -  -  [17/may/2019:11:43:39 +0000] "GET / HTTP/1.1" 302 0 
0:0:0:0:0:0:0:1 -  -  [17/may/2019:11:43:39 +0000] "GET /login.jsp HTTP/1.1" 200 2249 
0:0:0:0:0:0:0:1 -  -  [17/may/2019:11:43:48 +0000] "POST /login.jsp HTTP/1.1" 302 0 
0:0:0:0:0:0:0:1 -  -  [17/may/2019:11:43:48 +0000] "GET / HTTP/1.1" 200 866 
0:0:0:0:0:0:0:1 -  -  [17/may/2019:11:43:59 +0000] "GET / HTTP/1.1" 302 0 
0:0:0:0:0:0:0:1 -  -  [17/may/2019:11:43:59 +0000] "GET /login.jsp HTTP/1.1" 200 2249 
0:0:0:0:0:0:0:1 -  -  [17/may/2019:11:43:59 +0000] "GET /style.css HTTP/1.1" 302 0 
0:0:0:0:0:0:0:1 -  -  [17/may/2019:11:43:59 +0000] "GET /login.jsp HTTP/1.1" 200 2249 
0:0:0:0:0:0:0:1 -  -  [17/may/2019:11:44:06 +0000] "POST /login.jsp HTTP/1.1" 302 0 
0:0:0:0:0:0:0:1 -  -  [17/may/2019:11:44:07 +0000] "GET /style.css HTTP/1.1" 200 1304 
0:0:0:0:0:0:0:1 -  -  [17/may/2019:11:44:21 +0000] "GET /favicon.ico HTTP/1.1" 404 1376 
0:0:0:0:0:0:0:1 -  -  [17/may/2019:11:44:25 +0000] "GET / HTTP/1.1" 200 866 
0:0:0:0:0:0:0:1 -  -  [17/may/2019:11:44:26 +0000] "GET /logout HTTP/1.1" 302 0 
0:0:0:0:0:0:0:1 -  -  [17/may/2019:11:44:26 +0000] "GET / HTTP/1.1" 302 0 
0:0:0:0:0:0:0:1 -  -  [17/may/2019:11:44:26 +0000] "GET /login.jsp HTTP/1.1" 200 2249 
0:0:0:0:0:0:0:1 -  -  [17/may/2019:11:44:30 +0000] "POST /login.jsp HTTP/1.1" 302 0 
0:0:0:0:0:0:0:1 -  -  [17/may/2019:11:44:30 +0000] "GET / HTTP/1.1" 200 866 
0:0:0:0:0:0:0:1 -  -  [17/may/2019:11:46:02 +0000] "GET / HTTP/1.1" 200 866 
0:0:0:0:0:0:0:1 -  -  [17/may/2019:11:46:05 +0000] "GET /logout HTTP/1.1" 302 0 
0:0:0:0:0:0:0:1 -  -  [17/may/2019:11:46:05 +0000] "GET / HTTP/1.1" 302 0 
0:0:0:0:0:0:0:1 -  -  [17/may/2019:11:46:05 +0000] "GET /login.jsp HTTP/1.1" 200 2249 
0:0:0:0:0:0:0:1 -  -  [17/may/2019:11:46:11 +0000] "POST /login.jsp HTTP/1.1" 302 0 
0:0:0:0:0:0:0:1 -  -  [17/may/2019:11:46:12 +0000] "GET / HTTP/1.1" 200 866 
0:0:0:0:0:0:0:1 -  -  [17/may/2019:11:48:54 +0000] "GET / HTTP/1.1" 302 0 
0:0:0:0:0:0:0:1 -  -  [17/may/2019:11:48:54 +0000] "GET /login.jsp;jsessionid=m1b8mqjnslj31emrvoft6eh6l HTTP/1.1" 200 2249 
0:0:0:0:0:0:0:1 -  -  [17/may/2019:11:48:54 +0000] "GET /login.jsp;jsessionid=m1b8mqjnslj31emrvoft6eh6l HTTP/1.1" 200 2249 
0:0:0:0:0:0:0:1 -  -  [17/may/2019:11:48:54 +0000] "GET /favicon.ico HTTP/1.1" 302 0 
0:0:0:0:0:0:0:1 -  -  [17/may/2019:11:48:54 +0000] "GET /login.jsp HTTP/1.1" 200 2249 
0:0:0:0:0:0:0:1 -  -  [17/may/2019:11:48:59 +0000] "POST /login.jsp;jsessionid=m1b8mqjnslj31emrvoft6eh6l HTTP/1.1" 302 0 
0:0:0:0:0:0:0:1 -  -  [17/may/2019:11:49:00 +0000] "GET /favicon.ico HTTP/1.1" 404 1376 
0:0:0:0:0:0:0:1 -  -  [17/may/2019:11:49:01 +0000] "GET /favicon.ico HTTP/1.1" 404 1376 
0:0:0:0:0:0:0:1 -  -  [17/may/2019:11:50:49 +0000] "GET / HTTP/1.1" 302 0 
0:0:0:0:0:0:0:1 -  -  [17/may/2019:11:50:49 +0000] "GET /login.jsp HTTP/1.1" 200 2249 
0:0:0:0:0:0:0:1 -  -  [17/may/2019:11:50:53 +0000] "POST /login.jsp HTTP/1.1" 302 0 
0:0:0:0:0:0:0:1 -  -  [17/may/2019:11:50:54 +0000] "GET / HTTP/1.1" 200 866 
127.0.0.1 -  -  [17/may/2019:11:51:05 +0000] "GET / HTTP/1.1" 302 0 
127.0.0.1 -  -  [17/may/2019:11:51:05 +0000] "GET /login.jsp;jsessionid=1wecbiiyqm874p5y654eavgbo HTTP/1.1" 200 2249 
127.0.0.1 -  -  [17/may/2019:11:51:05 +0000] "GET /style.css HTTP/1.1" 302 0 
127.0.0.1 -  -  [17/may/2019:11:51:05 +0000] "GET /favicon.ico HTTP/1.1" 302 0 
127.0.0.1 -  -  [17/may/2019:11:51:05 +0000] "GET /login.jsp HTTP/1.1" 200 2249 
127.0.0.1 -  -  [17/may/2019:11:51:10 +0000] "POST /login.jsp;jsessionid=1wecbiiyqm874p5y654eavgbo HTTP/1.1" 302 0 
127.0.0.1 -  -  [17/may/2019:11:51:10 +0000] "GET /favicon.ico HTTP/1.1" 404 1376 
0:0:0:0:0:0:0:1 -  -  [17/may/2019:11:54:52 +0000] "GET / HTTP/1.1" 302 0 
0:0:0:0:0:0:0:1 -  -  [17/may/2019:11:54:52 +0000] "GET /login.jsp HTTP/1.1" 200 2249 
0:0:0:0:0:0:0:1 -  -  [17/may/2019:11:54:54 +0000] "GET /login.jsp HTTP/1.1" 200 2249 
0:0:0:0:0:0:0:1 -  -  [17/may/2019:11:54:54 +0000] "GET /style.css HTTP/1.1" 302 0 
0:0:0:0:0:0:0:1 -  -  [17/may/2019:11:54:54 +0000] "GET /login.jsp HTTP/1.1" 200 2249 
0:0:0:0:0:0:0:1 -  -  [17/may/2019:11:54:54 +0000] "GET /favicon.ico HTTP/1.1" 404 1376 
0:0:0:0:0:0:0:1 -  -  [17/may/2019:11:54:54 +0000] "GET /login.jsp HTTP/1.1" 200 2249 
0:0:0:0:0:0:0:1 -  -  [17/may/2019:11:54:54 +0000] "GET /style.css HTTP/1.1" 302 0 
0:0:0:0:0:0:0:1 -  -  [17/may/2019:11:54:54 +0000] "GET /login.jsp HTTP/1.1" 200 2249 
0:0:0:0:0:0:0:1 -  -  [17/may/2019:11:55:01 +0000] "POST /login.jsp HTTP/1.1" 302 0 
0:0:0:0:0:0:0:1 -  -  [17/may/2019:11:55:02 +0000] "GET /style.css HTTP/1.1" 200 1304 
0:0:0:0:0:0:0:1 -  -  [17/may/2019:11:55:34 +0000] "GET /style.css HTTP/1.1" 200 1304 
0:0:0:0:0:0:0:1 -  -  [17/may/2019:11:55:34 +0000] "GET /favicon.ico HTTP/1.1" 404 1376 
0:0:0:0:0:0:0:1 -  -  [17/may/2019:11:55:56 +0000] "GET / HTTP/1.1" 302 0 
0:0:0:0:0:0:0:1 -  -  [17/may/2019:11:55:56 +0000] "GET /login.jsp HTTP/1.1" 200 2249 
0:0:0:0:0:0:0:1 -  -  [17/may/2019:11:56:02 +0000] "POST /login.jsp HTTP/1.1" 302 0 
0:0:0:0:0:0:0:1 -  -  [17/may/2019:11:56:03 +0000] "GET / HTTP/1.1" 200 866 
127.0.0.1 -  -  [17/may/2019:11:56:09 +0000] "GET / HTTP/1.1" 302 0 
127.0.0.1 -  -  [17/may/2019:11:56:09 +0000] "GET /login.jsp HTTP/1.1" 200 2249 
127.0.0.1 -  -  [17/may/2019:11:56:13 +0000] "POST /login.jsp HTTP/1.1" 302 0 
127.0.0.1 -  -  [17/may/2019:11:56:14 +0000] "GET / HTTP/1.1" 200 866 
0:0:0:0:0:0:0:1 -  -  [17/may/2019:11:56:39 +0000] "GET / HTTP/1.1" 302 0 
0:0:0:0:0:0:0:1 -  -  [17/may/2019:11:56:39 +0000] "GET /login.jsp;jsessionid=1fkzr8glb6sj71tei5w1muodi5 HTTP/1.1" 200 2249 
0:0:0:0:0:0:0:1 -  -  [17/may/2019:11:56:39 +0000] "GET /style.css HTTP/1.1" 302 0 
0:0:0:0:0:0:0:1 -  -  [17/may/2019:11:56:39 +0000] "GET /login.jsp HTTP/1.1" 200 2249 
0:0:0:0:0:0:0:1 -  -  [17/may/2019:11:56:39 +0000] "GET /favicon.ico HTTP/1.1" 302 0 
0:0:0:0:0:0:0:1 -  -  [17/may/2019:11:56:44 +0000] "POST /login.jsp;jsessionid=1fkzr8glb6sj71tei5w1muodi5 HTTP/1.1" 302 0 
0:0:0:0:0:0:0:1 -  -  [17/may/2019:11:56:44 +0000] "GET /favicon.ico HTTP/1.1" 404 1376 
0:0:0:0:0:0:0:1 -  -  [17/may/2019:11:57:57 +0000] "GET / HTTP/1.1" 302 0 
0:0:0:0:0:0:0:1 -  -  [17/may/2019:11:57:57 +0000] "GET /login.jsp HTTP/1.1" 200 2249 
0:0:0:0:0:0:0:1 -  -  [17/may/2019:11:58:01 +0000] "POST /login.jsp HTTP/1.1" 302 0 
0:0:0:0:0:0:0:1 -  -  [17/may/2019:11:58:02 +0000] "GET / HTTP/1.1" 200 866 
127.0.0.1 -  -  [17/may/2019:11:58:10 +0000] "GET / HTTP/1.1" 302 0 
127.0.0.1 -  -  [17/may/2019:11:58:10 +0000] "GET /login.jsp HTTP/1.1" 200 2249 
127.0.0.1 -  -  [17/may/2019:11:58:14 +0000] "POST /login.jsp HTTP/1.1" 302 0 
127.0.0.1 -  -  [17/may/2019:11:58:15 +0000] "GET / HTTP/1.1" 200 866 
0:0:0:0:0:0:0:1 -  -  [17/may/2019:11:58:28 +0000] "GET / HTTP/1.1" 302 0 
0:0:0:0:0:0:0:1 -  -  [17/may/2019:11:58:28 +0000] "GET /login.jsp;jsessionid=1asvq7y42bnqc1vivg0y14ii5u HTTP/1.1" 200 2249 
0:0:0:0:0:0:0:1 -  -  [17/may/2019:11:58:29 +0000] "GET /style.css HTTP/1.1" 302 0 
0:0:0:0:0:0:0:1 -  -  [17/may/2019:11:58:29 +0000] "GET /login.jsp HTTP/1.1" 200 2249 
0:0:0:0:0:0:0:1 -  -  [17/may/2019:11:58:29 +0000] "GET /favicon.ico HTTP/1.1" 404 1376 
0:0:0:0:0:0:0:1 -  -  [17/may/2019:11:58:33 +0000] "POST /login.jsp;jsessionid=1asvq7y42bnqc1vivg0y14ii5u HTTP/1.1" 200 2249 
0:0:0:0:0:0:0:1 -  -  [17/may/2019:11:58:33 +0000] "GET /style.css HTTP/1.1" 302 0 
0:0:0:0:0:0:0:1 -  -  [17/may/2019:11:58:33 +0000] "GET /login.jsp HTTP/1.1" 200 2249 
0:0:0:0:0:0:0:1 -  -  [17/may/2019:11:58:41 +0000] "POST /login.jsp;jsessionid=1asvq7y42bnqc1vivg0y14ii5u HTTP/1.1" 302 0 
0:0:0:0:0:0:0:1 -  -  [17/may/2019:11:58:41 +0000] "GET /style.css HTTP/1.1" 200 1304 
0:0:0:0:0:0:0:1 -  -  [17/may/2019:11:59:22 +0000] "GET / HTTP/1.1" 302 0 
0:0:0:0:0:0:0:1 -  -  [17/may/2019:11:59:22 +0000] "GET /login.jsp HTTP/1.1" 200 2249 
0:0:0:0:0:0:0:1 -  -  [17/may/2019:11:59:27 +0000] "POST /login.jsp HTTP/1.1" 302 0 
0:0:0:0:0:0:0:1 -  -  [17/may/2019:11:59:28 +0000] "GET / HTTP/1.1" 200 866 
0:0:0:0:0:0:0:1 -  -  [17/may/2019:11:59:42 +0000] "GET / HTTP/1.1" 302 0 
0:0:0:0:0:0:0:1 -  -  [17/may/2019:11:59:42 +0000] "GET /login.jsp;jsessionid=uojvj95gbmvj1dt3q8hrr76rn HTTP/1.1" 200 2249 
0:0:0:0:0:0:0:1 -  -  [17/may/2019:11:59:42 +0000] "GET /style.css HTTP/1.1" 302 0 
0:0:0:0:0:0:0:1 -  -  [17/may/2019:11:59:42 +0000] "GET /favicon.ico HTTP/1.1" 404 1376 
0:0:0:0:0:0:0:1 -  -  [17/may/2019:11:59:47 +0000] "POST /login.jsp;jsessionid=uojvj95gbmvj1dt3q8hrr76rn HTTP/1.1" 302 0 
0:0:0:0:0:0:0:1 -  -  [17/may/2019:11:59:48 +0000] "GET /style.css HTTP/1.1" 200 1304 
0:0:0:0:0:0:0:1 -  -  [17/may/2019:12:03:20 +0000] "GET / HTTP/1.1" 302 0 
0:0:0:0:0:0:0:1 -  -  [17/may/2019:12:03:20 +0000] "GET /login.jsp;jsessionid=1t67zxsonrownlzq0t3xt35nd HTTP/1.1" 200 2249 
0:0:0:0:0:0:0:1 -  -  [17/may/2019:12:03:21 +0000] "GET /favicon.ico HTTP/1.1" 404 1376 
0:0:0:0:0:0:0:1 -  -  [17/may/2019:12:03:24 +0000] "POST /login.jsp;jsessionid=1t67zxsonrownlzq0t3xt35nd HTTP/1.1" 302 0 
0:0:0:0:0:0:0:1 -  -  [17/may/2019:12:03:25 +0000] "GET / HTTP/1.1" 200 866 
127.0.0.1 -  -  [17/may/2019:12:03:35 +0000] "GET / HTTP/1.1" 302 0 
127.0.0.1 -  -  [17/may/2019:12:03:35 +0000] "GET /login.jsp;jsessionid=vkyhsle1bxyt3urqfahs3vvp HTTP/1.1" 200 2249 
127.0.0.1 -  -  [17/may/2019:12:03:35 +0000] "GET /style.css HTTP/1.1" 200 1304 
127.0.0.1 -  -  [17/may/2019:12:03:35 +0000] "GET /favicon.ico HTTP/1.1" 404 1376 
127.0.0.1 -  -  [17/may/2019:12:03:40 +0000] "POST /login.jsp;jsessionid=vkyhsle1bxyt3urqfahs3vvp HTTP/1.1" 302 0 
127.0.0.1 -  -  [17/may/2019:12:03:40 +0000] "GET / HTTP/1.1" 200 866 
127.0.0.1 -  -  [17/may/2019:12:04:00 +0000] "GET /logout HTTP/1.1" 302 0 
127.0.0.1 -  -  [17/may/2019:12:04:00 +0000] "GET / HTTP/1.1" 302 0 
127.0.0.1 -  -  [17/may/2019:12:04:00 +0000] "GET /login.jsp HTTP/1.1" 200 2249 
127.0.0.1 -  -  [17/may/2019:12:04:05 +0000] "POST /login.jsp HTTP/1.1" 302 0 
127.0.0.1 -  -  [17/may/2019:12:04:06 +0000] "GET / HTTP/1.1" 200 866 
0:0:0:0:0:0:0:1 -  -  [17/may/2019:12:04:17 +0000] "GET / HTTP/1.1" 302 0 
0:0:0:0:0:0:0:1 -  -  [17/may/2019:12:04:17 +0000] "GET /login.jsp;jsessionid=mbmgjcmystji11767l8ag44wb HTTP/1.1" 200 2249 
0:0:0:0:0:0:0:1 -  -  [17/may/2019:12:04:17 +0000] "GET /style.css HTTP/1.1" 200 1304 
0:0:0:0:0:0:0:1 -  -  [17/may/2019:12:04:23 +0000] "POST /login.jsp;jsessionid=mbmgjcmystji11767l8ag44wb HTTP/1.1" 302 0 
0:0:0:0:0:0:0:1 -  -  [17/may/2019:12:04:24 +0000] "GET / HTTP/1.1" 200 866 
0:0:0:0:0:0:0:1 -  -  [17/may/2019:12:04:35 +0000] "GET /logout HTTP/1.1" 302 0 
0:0:0:0:0:0:0:1 -  -  [17/may/2019:12:04:35 +0000] "GET / HTTP/1.1" 302 0 
0:0:0:0:0:0:0:1 -  -  [17/may/2019:12:04:35 +0000] "GET /login.jsp HTTP/1.1" 200 2249 
0:0:0:0:0:0:0:1 -  -  [17/may/2019:12:04:42 +0000] "POST /login.jsp HTTP/1.1" 302 0 
0:0:0:0:0:0:0:1 -  -  [17/may/2019:12:04:42 +0000] "GET / HTTP/1.1" 200 866 
0:0:0:0:0:0:0:1 -  -  [17/may/2019:12:04:45 +0000] "GET /logout HTTP/1.1" 302 0 
0:0:0:0:0:0:0:1 -  -  [17/may/2019:12:04:45 +0000] "GET / HTTP/1.1" 302 0 
0:0:0:0:0:0:0:1 -  -  [17/may/2019:12:04:45 +0000] "GET /login.jsp HTTP/1.1" 200 2249 
0:0:0:0:0:0:0:1 -  -  [17/may/2019:12:04:51 +0000] "POST /login.jsp HTTP/1.1" 302 0 
0:0:0:0:0:0:0:1 -  -  [17/may/2019:12:04:52 +0000] "GET / HTTP/1.1" 200 866 
0:0:0:0:0:0:0:1 -  -  [17/may/2019:12:17:02 +0000] "GET / HTTP/1.1" 302 0 
0:0:0:0:0:0:0:1 -  -  [17/may/2019:12:17:02 +0000] "GET /login.jsp HTTP/1.1" 200 2249 
0:0:0:0:0:0:0:1 -  -  [17/may/2019:12:17:04 +0000] "GET /login.jsp HTTP/1.1" 200 2249 
0:0:0:0:0:0:0:1 -  -  [17/may/2019:12:17:05 +0000] "GET /style.css HTTP/1.1" 200 1304 
0:0:0:0:0:0:0:1 -  -  [17/may/2019:12:17:05 +0000] "GET /favicon.ico HTTP/1.1" 404 1376 
0:0:0:0:0:0:0:1 -  -  [17/may/2019:12:17:09 +0000] "POST /login.jsp HTTP/1.1" 302 0 
0:0:0:0:0:0:0:1 -  -  [17/may/2019:12:17:10 +0000] "GET / HTTP/1.1" 200 866 
0:0:0:0:0:0:0:1 -  -  [17/may/2019:12:17:13 +0000] "GET /logout HTTP/1.1" 302 0 
0:0:0:0:0:0:0:1 -  -  [17/may/2019:12:17:13 +0000] "GET / HTTP/1.1" 302 0 
0:0:0:0:0:0:0:1 -  -  [17/may/2019:12:17:13 +0000] "GET /login.jsp HTTP/1.1" 200 2249 
0:0:0:0:0:0:0:1 -  -  [17/may/2019:12:17:17 +0000] "POST /login.jsp HTTP/1.1" 302 0 
0:0:0:0:0:0:0:1 -  -  [17/may/2019:12:17:17 +0000] "GET / HTTP/1.1" 200 866 
0:0:0:0:0:0:0:1 -  -  [17/may/2019:12:17:19 +0000] "GET /logout HTTP/1.1" 302 0 
0:0:0:0:0:0:0:1 -  -  [17/may/2019:12:17:19 +0000] "GET / HTTP/1.1" 302 0 
0:0:0:0:0:0:0:1 -  -  [17/may/2019:12:17:19 +0000] "GET /login.jsp HTTP/1.1" 200 2249 
